[debug] [2020-09-23T01:06:30.107Z] ----------------------------------------------------------------------
[debug] [2020-09-23T01:06:30.111Z] Command:       C:\Program Files\nodejs\node.exe C:\Users\sahil\AppData\Roaming\npm\node_modules\firebase-tools\lib\bin\firebase.js emulators:start
[debug] [2020-09-23T01:06:30.111Z] CLI Version:   8.10.0
[debug] [2020-09-23T01:06:30.112Z] Platform:      win32
[debug] [2020-09-23T01:06:30.112Z] Node Version:  v12.18.0
[debug] [2020-09-23T01:06:30.117Z] Time:          Tue Sep 22 2020 21:06:30 GMT-0400 (Eastern Daylight Time)
[debug] [2020-09-23T01:06:30.117Z] ----------------------------------------------------------------------
[debug] [2020-09-23T01:06:30.117Z] 
[debug] [2020-09-23T01:06:30.133Z] > command requires scopes: ["email","openid","https://www.googleapis.com/auth/cloudplatformprojects.readonly","https://www.googleapis.com/auth/firebase","https://www.googleapis.com/auth/cloud-platform"]
[debug] [2020-09-23T01:06:30.134Z] > authorizing via signed-in user
[info] i  emulators: Starting emulators: functions {"metadata":{"emulator":{"name":"hub"},"message":"Starting emulators: functions"}}
[debug] [2020-09-23T01:06:32.175Z] [hub] writing locator at C:\Users\sahil\AppData\Local\Temp\hub-fusion-dhaaga-v1.json
[warn] !  functions: The following emulators are not running, calls to these services from the Functions emulator will affect production: firestore, database, hosting, pubsub {"metadata":{"emulator":{"name":"functions"},"message":"The following emulators are not running, calls to these services from the Functions emulator will affect production: \u001b[1mfirestore, database, hosting, pubsub\u001b[22m"}}
[warn] !  Your requested "node" version "10" doesn't match your global version "12" {"metadata":{"emulator":{"name":"functions"},"message":"Your requested \"node\" version \"10\" doesn't match your global version \"12\""}}
[debug] [2020-09-23T01:06:34.210Z] defaultcredentials: writing to file C:\Users\sahil\AppData\Roaming\firebase\sahils091_gmail_com_application_default_credentials.json
[debug] [2020-09-23T01:06:34.212Z] Setting GAC to C:\Users\sahil\AppData\Roaming\firebase\sahils091_gmail_com_application_default_credentials.json {"metadata":{"emulator":{"name":"functions"},"message":"Setting GAC to C:\\Users\\sahil\\AppData\\Roaming\\firebase\\sahils091_gmail_com_application_default_credentials.json"}}
[debug] [2020-09-23T01:06:38.740Z] Ignoring unsupported arg: auto_download {"metadata":{"emulator":{"name":"ui"},"message":"Ignoring unsupported arg: auto_download"}}
[debug] [2020-09-23T01:06:38.741Z] Ignoring unsupported arg: port {"metadata":{"emulator":{"name":"ui"},"message":"Ignoring unsupported arg: port"}}
[debug] [2020-09-23T01:06:38.741Z] Starting Emulator UI with command {"binary":"node","args":["C:\\Users\\sahil\\.cache\\firebase\\emulators\\ui-v1.1.1\\server.bundle.js"],"optionalArgs":[],"joinArgs":false} {"metadata":{"emulator":{"name":"ui"},"message":"Starting Emulator UI with command {\"binary\":\"node\",\"args\":[\"C:\\\\Users\\\\sahil\\\\.cache\\\\firebase\\\\emulators\\\\ui-v1.1.1\\\\server.bundle.js\"],\"optionalArgs\":[],\"joinArgs\":false}"}}
[info] i  ui: Emulator UI logging to ui-debug.log {"metadata":{"emulator":{"name":"ui"},"message":"Emulator UI logging to \u001b[1mui-debug.log\u001b[22m"}}
[debug] [2020-09-23T01:06:38.876Z] Web / API server started at http://localhost:4000
 {"metadata":{"emulator":{"name":"ui"},"message":"Web / API server started at http://localhost:4000\n"}}
[info] i  functions: Watching "C:\Users\sahil\Desktop\fusion-dhaaga-v3\fusion-dhaaga\functions" for Cloud Functions... {"metadata":{"emulator":{"name":"functions"},"message":"Watching \"C:\\Users\\sahil\\Desktop\\fusion-dhaaga-v3\\fusion-dhaaga\\functions\" for Cloud Functions..."}}
[debug] [2020-09-23T01:06:39.269Z] [worker-pool] addWorker(~diagnostic~) {"metadata":{"emulator":{"name":"functions"},"message":"[worker-pool] addWorker(~diagnostic~)"}}
[debug] [2020-09-23T01:06:39.269Z] [worker-pool] Adding worker with key ~diagnostic~, total=1 {"metadata":{"emulator":{"name":"functions"},"message":"[worker-pool] Adding worker with key ~diagnostic~, total=1"}}
[debug] [2020-09-23T01:06:39.269Z] [worker-pool] submitWork(triggerId=) {"metadata":{"emulator":{"name":"functions"},"message":"[worker-pool] submitWork(triggerId=)"}}
[debug] [2020-09-23T01:06:39.270Z] [worker-~diagnostic~-0f1f71c1-f7c9-4196-abcc-293ce6c2008b]: Assigning socketPath: \\?\pipe\C:\Users\sahil\Desktop\fusion-dhaaga-v3\fusion-dhaaga\functions\11136 {"metadata":{"emulator":{"name":"functions"},"message":"[worker-~diagnostic~-0f1f71c1-f7c9-4196-abcc-293ce6c2008b]: Assigning socketPath: \\\\?\\pipe\\C:\\Users\\sahil\\Desktop\\fusion-dhaaga-v3\\fusion-dhaaga\\functions\\11136"}}
[debug] [2020-09-23T01:06:39.270Z] [worker-~diagnostic~-0f1f71c1-f7c9-4196-abcc-293ce6c2008b]: BUSY {"metadata":{"emulator":{"name":"functions"},"message":"[worker-~diagnostic~-0f1f71c1-f7c9-4196-abcc-293ce6c2008b]: BUSY"}}
[debug] [2020-09-23T01:06:39.875Z] [runtime-status] [11136] Functions runtime initialized. {"cwd":"C:\\Users\\sahil\\Desktop\\fusion-dhaaga-v3\\fusion-dhaaga\\functions","node_version":"12.18.0"} {"metadata":{"emulator":{"name":"functions"},"message":"[runtime-status] [11136] Functions runtime initialized. {\"cwd\":\"C:\\\\Users\\\\sahil\\\\Desktop\\\\fusion-dhaaga-v3\\\\fusion-dhaaga\\\\functions\",\"node_version\":\"12.18.0\"}"}}
[debug] [2020-09-23T01:06:39.876Z] [runtime-status] [11136] Disabled runtime features: undefined {"metadata":{"emulator":{"name":"functions"},"message":"[runtime-status] [11136] Disabled runtime features: undefined"}}
[debug] [2020-09-23T01:06:39.896Z] [runtime-status] [11136] Resolved module firebase-admin {"declared":true,"installed":true,"version":"8.13.0","resolution":"C:\\Users\\sahil\\Desktop\\fusion-dhaaga-v3\\fusion-dhaaga\\functions\\node_modules\\firebase-admin\\lib\\index.js"} {"metadata":{"emulator":{"name":"functions"},"message":"[runtime-status] [11136] Resolved module firebase-admin {\"declared\":true,\"installed\":true,\"version\":\"8.13.0\",\"resolution\":\"C:\\\\Users\\\\sahil\\\\Desktop\\\\fusion-dhaaga-v3\\\\fusion-dhaaga\\\\functions\\\\node_modules\\\\firebase-admin\\\\lib\\\\index.js\"}"}}
[debug] [2020-09-23T01:06:39.899Z] [runtime-status] [11136] Resolved module firebase-functions {"declared":true,"installed":true,"version":"3.11.0","resolution":"C:\\Users\\sahil\\Desktop\\fusion-dhaaga-v3\\fusion-dhaaga\\functions\\node_modules\\firebase-functions\\lib\\index.js"} {"metadata":{"emulator":{"name":"functions"},"message":"[runtime-status] [11136] Resolved module firebase-functions {\"declared\":true,\"installed\":true,\"version\":\"3.11.0\",\"resolution\":\"C:\\\\Users\\\\sahil\\\\Desktop\\\\fusion-dhaaga-v3\\\\fusion-dhaaga\\\\functions\\\\node_modules\\\\firebase-functions\\\\lib\\\\index.js\"}"}}
[debug] [2020-09-23T01:06:39.901Z] [runtime-status] [11136] Resolved module firebase-functions {"declared":true,"installed":true,"version":"3.11.0","resolution":"C:\\Users\\sahil\\Desktop\\fusion-dhaaga-v3\\fusion-dhaaga\\functions\\node_modules\\firebase-functions\\lib\\index.js"} {"metadata":{"emulator":{"name":"functions"},"message":"[runtime-status] [11136] Resolved module firebase-functions {\"declared\":true,\"installed\":true,\"version\":\"3.11.0\",\"resolution\":\"C:\\\\Users\\\\sahil\\\\Desktop\\\\fusion-dhaaga-v3\\\\fusion-dhaaga\\\\functions\\\\node_modules\\\\firebase-functions\\\\lib\\\\index.js\"}"}}
[debug] [2020-09-23T01:06:39.903Z] [runtime-status] [11136] Outgoing network have been stubbed. [{"name":"http","status":"mocked"},{"name":"http","status":"mocked"},{"name":"https","status":"mocked"},{"name":"https","status":"mocked"},{"name":"net","status":"mocked"}] {"metadata":{"emulator":{"name":"functions"},"message":"[runtime-status] [11136] Outgoing network have been stubbed. [{\"name\":\"http\",\"status\":\"mocked\"},{\"name\":\"http\",\"status\":\"mocked\"},{\"name\":\"https\",\"status\":\"mocked\"},{\"name\":\"https\",\"status\":\"mocked\"},{\"name\":\"net\",\"status\":\"mocked\"}]"}}
[debug] [2020-09-23T01:06:39.904Z] [runtime-status] [11136] Resolved module firebase-functions {"declared":true,"installed":true,"version":"3.11.0","resolution":"C:\\Users\\sahil\\Desktop\\fusion-dhaaga-v3\\fusion-dhaaga\\functions\\node_modules\\firebase-functions\\lib\\index.js"} {"metadata":{"emulator":{"name":"functions"},"message":"[runtime-status] [11136] Resolved module firebase-functions {\"declared\":true,\"installed\":true,\"version\":\"3.11.0\",\"resolution\":\"C:\\\\Users\\\\sahil\\\\Desktop\\\\fusion-dhaaga-v3\\\\fusion-dhaaga\\\\functions\\\\node_modules\\\\firebase-functions\\\\lib\\\\index.js\"}"}}
[debug] [2020-09-23T01:06:39.990Z] [runtime-status] [11136] Checked functions.config() {"config":{}} {"metadata":{"emulator":{"name":"functions"},"message":"[runtime-status] [11136] Checked functions.config() {\"config\":{}}"}}
[debug] [2020-09-23T01:06:39.991Z] [runtime-status] [11136] firebase-functions has been stubbed. {"functionsResolution":{"declared":true,"installed":true,"version":"3.11.0","resolution":"C:\\Users\\sahil\\Desktop\\fusion-dhaaga-v3\\fusion-dhaaga\\functions\\node_modules\\firebase-functions\\lib\\index.js"}} {"metadata":{"emulator":{"name":"functions"},"message":"[runtime-status] [11136] firebase-functions has been stubbed. {\"functionsResolution\":{\"declared\":true,\"installed\":true,\"version\":\"3.11.0\",\"resolution\":\"C:\\\\Users\\\\sahil\\\\Desktop\\\\fusion-dhaaga-v3\\\\fusion-dhaaga\\\\functions\\\\node_modules\\\\firebase-functions\\\\lib\\\\index.js\"}}"}}
[debug] [2020-09-23T01:06:39.992Z] [runtime-status] [11136] Resolved module firebase-functions {"declared":true,"installed":true,"version":"3.11.0","resolution":"C:\\Users\\sahil\\Desktop\\fusion-dhaaga-v3\\fusion-dhaaga\\functions\\node_modules\\firebase-functions\\lib\\index.js"} {"metadata":{"emulator":{"name":"functions"},"message":"[runtime-status] [11136] Resolved module firebase-functions {\"declared\":true,\"installed\":true,\"version\":\"3.11.0\",\"resolution\":\"C:\\\\Users\\\\sahil\\\\Desktop\\\\fusion-dhaaga-v3\\\\fusion-dhaaga\\\\functions\\\\node_modules\\\\firebase-functions\\\\lib\\\\index.js\"}"}}
[debug] [2020-09-23T01:06:39.994Z] [runtime-status] [11136] Resolved module firebase-admin {"declared":true,"installed":true,"version":"8.13.0","resolution":"C:\\Users\\sahil\\Desktop\\fusion-dhaaga-v3\\fusion-dhaaga\\functions\\node_modules\\firebase-admin\\lib\\index.js"} {"metadata":{"emulator":{"name":"functions"},"message":"[runtime-status] [11136] Resolved module firebase-admin {\"declared\":true,\"installed\":true,\"version\":\"8.13.0\",\"resolution\":\"C:\\\\Users\\\\sahil\\\\Desktop\\\\fusion-dhaaga-v3\\\\fusion-dhaaga\\\\functions\\\\node_modules\\\\firebase-admin\\\\lib\\\\index.js\"}"}}
[debug] [2020-09-23T01:06:39.996Z] [runtime-status] [11136] Resolved module firebase-functions {"declared":true,"installed":true,"version":"3.11.0","resolution":"C:\\Users\\sahil\\Desktop\\fusion-dhaaga-v3\\fusion-dhaaga\\functions\\node_modules\\firebase-functions\\lib\\index.js"} {"metadata":{"emulator":{"name":"functions"},"message":"[runtime-status] [11136] Resolved module firebase-functions {\"declared\":true,\"installed\":true,\"version\":\"3.11.0\",\"resolution\":\"C:\\\\Users\\\\sahil\\\\Desktop\\\\fusion-dhaaga-v3\\\\fusion-dhaaga\\\\functions\\\\node_modules\\\\firebase-functions\\\\lib\\\\index.js\"}"}}
[debug] [2020-09-23T01:06:39.996Z] [runtime-status] [11136] firebase-admin has been stubbed. {"adminResolution":{"declared":true,"installed":true,"version":"8.13.0","resolution":"C:\\Users\\sahil\\Desktop\\fusion-dhaaga-v3\\fusion-dhaaga\\functions\\node_modules\\firebase-admin\\lib\\index.js"}} {"metadata":{"emulator":{"name":"functions"},"message":"[runtime-status] [11136] firebase-admin has been stubbed. {\"adminResolution\":{\"declared\":true,\"installed\":true,\"version\":\"8.13.0\",\"resolution\":\"C:\\\\Users\\\\sahil\\\\Desktop\\\\fusion-dhaaga-v3\\\\fusion-dhaaga\\\\functions\\\\node_modules\\\\firebase-admin\\\\lib\\\\index.js\"}}"}}
[info] +  functions[api]: http function initialized (http://localhost:5001/fusion-dhaaga-v1/us-central1/api). {"metadata":{"emulator":{"name":"functions"},"message":"\u001b[1mhttp\u001b[22m function initialized (http://localhost:5001/fusion-dhaaga-v1/us-central1/api)."}}
[info] 
┌───────────────────────────────────────────────────────────────────────┐
│ ✔  All emulators ready! View status and logs at http://localhost:4000 │
└───────────────────────────────────────────────────────────────────────┘

┌───────────┬────────────────┬─────────────────────────────────┐
│ Emulator  │ Host:Port      │ View in Emulator UI             │
├───────────┼────────────────┼─────────────────────────────────┤
│ Functions │ localhost:5001 │ http://localhost:4000/functions │
└───────────┴────────────────┴─────────────────────────────────┘
  Other reserved ports: 4400, 4500

Issues? Report them at https://github.com/firebase/firebase-tools/issues and attach the *-debug.log files.
 
[debug] [2020-09-23T01:06:40.457Z] [worker-~diagnostic~-0f1f71c1-f7c9-4196-abcc-293ce6c2008b]: IDLE {"metadata":{"emulator":{"name":"functions"},"message":"[worker-~diagnostic~-0f1f71c1-f7c9-4196-abcc-293ce6c2008b]: IDLE"}}
